[2026-06-26 21:25:46,411: INFO: main: Attempting division...]
[2026-06-26 21:25:46,411: ERROR: main: An error occurred during division computation]
[2026-06-26 21:27:10,875: INFO: main: Attempting division...]
[2026-06-26 21:27:10,875: ERROR: main: An error occurred during division computation]
[2026-06-26 21:27:10,875: INFO: exception: Error occurred in python script name [D:\Revision\Covid-19_detection_with_MLOPS\main.py] line number [8] error message [division by zero]]
[2026-06-27 00:01:54,373: INFO: 1356313550: >>>>>> stage Data Ingestion Stage started <<<<<<]
[2026-06-27 00:01:54,383: INFO: common: yaml file: config\config.yaml loaded successfully]
[2026-06-27 00:01:54,392: INFO: common: yaml file: params.yaml loaded successfully]
[2026-06-27 00:01:54,395: INFO: common: yaml file: schema.yaml loaded successfully]
[2026-06-27 00:01:54,395: ERROR: 1356313550: yaml file is empty]
Traceback (most recent call last):
  File "D:\Revision\Covid-19_detection_with_MLOPS\src\cnnClassifier\utils\common.py", line 21, in read_yaml
    return ConfigBox(content)
           ^^^^^^^^^^^^^^^^^^
  File "box/box.py", line 301, in box.box.Box.__init__
box.exceptions.BoxValueError: First argument must be mapping or iterable

During handling of the above exception, another exception occurred:

Traceback (most recent call last):
  File "C:\Users\shubh\AppData\Local\Temp\ipykernel_31628\1356313550.py", line 5, in <module>
    config = ConfigurationManager()
             ^^^^^^^^^^^^^^^^^^^^^^
  File "C:\Users\shubh\AppData\Local\Temp\ipykernel_31628\3149643114.py", line 13, in __init__
    self.schema = read_yaml(schema_filepath)
                  ^^^^^^^^^^^^^^^^^^^^^^^^^^
  File "d:\Revision\Covid-19_detection_with_MLOPS\.venv\Lib\site-packages\ensure\main.py", line 872, in __call__
    return_val = self.f(*args, **kwargs)
                 ^^^^^^^^^^^^^^^^^^^^^^^
  File "D:\Revision\Covid-19_detection_with_MLOPS\src\cnnClassifier\utils\common.py", line 23, in read_yaml
    raise ValueError("yaml file is empty")
ValueError: yaml file is empty
[2026-06-27 00:02:28,193: INFO: 1356313550: >>>>>> stage Data Ingestion Stage started <<<<<<]
[2026-06-27 00:02:28,194: INFO: common: yaml file: config\config.yaml loaded successfully]
[2026-06-27 00:02:28,196: INFO: common: yaml file: params.yaml loaded successfully]
[2026-06-27 00:02:28,204: INFO: common: yaml file: schema.yaml loaded successfully]
[2026-06-27 00:02:28,205: INFO: common: created directory at: artifacts]
[2026-06-27 00:02:28,206: INFO: common: created directory at: artifacts/data_ingestion]
[2026-06-27 00:02:28,207: INFO: 605447640: Authenticating with Kaggle API...]
[2026-06-27 00:02:28,208: INFO: 605447640: Downloading Kaggle dataset: tawsifurrahman/covid19-radiography-database]
[2026-06-27 00:06:14,502: INFO: 605447640: Dataset downloaded successfully to artifacts\data_ingestion\data.zip]
[2026-06-27 00:06:28,619: INFO: 605447640: Extracted zip file into: artifacts\data_ingestion\raw_extracted]
[2026-06-27 00:06:28,631: INFO: 605447640: Restructuring dataset to standard format...]
[2026-06-27 00:06:28,633: INFO: 605447640: Moving images from artifacts\data_ingestion\raw_extracted\COVID-19_Radiography_Dataset\COVID\images to artifacts\data_ingestion\dataset\COVID...]
[2026-06-27 00:06:29,217: INFO: 605447640: Moving images from artifacts\data_ingestion\raw_extracted\COVID-19_Radiography_Dataset\Normal\images to artifacts\data_ingestion\dataset\Normal...]
[2026-06-27 00:06:34,490: INFO: 605447640: Cleaned up raw temporary extraction files.]
[2026-06-27 00:06:34,490: INFO: 1356313550: >>>>>> stage Data Ingestion Stage completed <<<<<<

x==========x]
[2026-06-27 11:10:59,174: INFO: main: >>>>>> stage Data Ingestion stage started <<<<<<]
[2026-06-27 11:10:59,194: INFO: common: yaml file: config\config.yaml loaded successfully]
[2026-06-27 11:10:59,215: INFO: common: yaml file: params.yaml loaded successfully]
[2026-06-27 11:10:59,235: INFO: common: yaml file: schema.yaml loaded successfully]
[2026-06-27 11:10:59,236: INFO: common: created directory at: artifacts]
[2026-06-27 11:10:59,236: INFO: common: created directory at: artifacts/data_ingestion]
[2026-06-27 11:10:59,236: INFO: Data_Ingestion: Authenticating with Kaggle API...]
[2026-06-27 11:10:59,239: INFO: Data_Ingestion: Downloading Kaggle dataset: tawsifurrahman/covid19-radiography-database]
[2026-06-27 11:15:02,407: INFO: Data_Ingestion: Dataset downloaded successfully to artifacts\data_ingestion\data.zip]
[2026-06-27 11:15:47,592: INFO: Data_Ingestion: Extracted zip file into: artifacts\data_ingestion\raw_extracted]
[2026-06-27 11:15:47,602: INFO: Data_Ingestion: Restructuring dataset to standard format...]
[2026-06-27 11:15:47,602: INFO: Data_Ingestion: Moving images from artifacts\data_ingestion\raw_extracted\COVID-19_Radiography_Dataset\COVID\images to artifacts\data_ingestion\dataset\COVID...]
[2026-06-27 11:15:49,274: INFO: Data_Ingestion: Moving images from artifacts\data_ingestion\raw_extracted\COVID-19_Radiography_Dataset\Normal\images to artifacts\data_ingestion\dataset\Normal...]
[2026-06-27 11:15:58,401: INFO: Data_Ingestion: Cleaned up raw temporary extraction files.]
[2026-06-27 11:15:58,401: INFO: main: >>>>>> stage Data Ingestion stage completed <<<<<<

x==========x]
[2026-06-27 11:22:37,538: INFO: 2320197787: >>>>>> stage Data Validation Stage started <<<<<<]
[2026-06-27 11:22:37,557: INFO: common: yaml file: config\config.yaml loaded successfully]
[2026-06-27 11:22:37,560: INFO: common: yaml file: params.yaml loaded successfully]
[2026-06-27 11:22:37,562: INFO: common: yaml file: schema.yaml loaded successfully]
[2026-06-27 11:22:37,564: INFO: common: created directory at: artifacts]
[2026-06-27 11:22:37,564: INFO: common: created directory at: artifacts/data_validation]
[2026-06-27 11:22:37,566: INFO: 585940061: All expected classes found. Data validation successful.]
[2026-06-27 11:22:37,566: INFO: 2320197787: >>>>>> stage Data Validation Stage completed <<<<<<

x==========x]
[2026-06-27 11:30:42,814: INFO: main: >>>>>> stage Data Ingestion stage started <<<<<<]
[2026-06-27 11:30:42,817: INFO: common: yaml file: config\config.yaml loaded successfully]
[2026-06-27 11:30:42,817: INFO: common: yaml file: params.yaml loaded successfully]
[2026-06-27 11:30:42,817: INFO: common: yaml file: schema.yaml loaded successfully]
[2026-06-27 11:30:42,817: INFO: common: created directory at: artifacts]
[2026-06-27 11:30:42,817: INFO: common: created directory at: artifacts/data_ingestion]
[2026-06-27 11:30:42,817: INFO: Data_Ingestion: File already exists. Size: ~ 796903 KB]
[2026-06-27 11:31:04,969: INFO: Data_Ingestion: Extracted zip file into: artifacts\data_ingestion\raw_extracted]
[2026-06-27 11:31:04,988: INFO: Data_Ingestion: Restructuring dataset to standard format...]
[2026-06-27 11:31:04,990: INFO: Data_Ingestion: Moving images from artifacts\data_ingestion\raw_extracted\COVID-19_Radiography_Dataset\COVID\images to artifacts\data_ingestion\dataset\COVID...]
[2026-06-27 11:31:08,390: INFO: Data_Ingestion: Moving images from artifacts\data_ingestion\raw_extracted\COVID-19_Radiography_Dataset\Normal\images to artifacts\data_ingestion\dataset\Normal...]
[2026-06-27 11:31:20,988: INFO: Data_Ingestion: Cleaned up raw temporary extraction files.]
[2026-06-27 11:31:20,988: INFO: main: >>>>>> stage Data Ingestion stage completed <<<<<<

x==========x]
[2026-06-27 11:31:20,988: INFO: main: >>>>>> stage Data Validation stage started <<<<<<]
[2026-06-27 11:31:20,995: INFO: common: yaml file: config\config.yaml loaded successfully]
[2026-06-27 11:31:20,995: INFO: common: yaml file: params.yaml loaded successfully]
[2026-06-27 11:31:20,995: INFO: common: yaml file: schema.yaml loaded successfully]
[2026-06-27 11:31:20,995: INFO: common: created directory at: artifacts]
[2026-06-27 11:31:20,995: INFO: common: created directory at: artifacts/data_validation]
[2026-06-27 11:31:20,995: INFO: Data_Validation: All expected classes found. Data validation successful.]
[2026-06-27 11:31:20,995: INFO: main: >>>>>> stage Data Validation stage completed <<<<<<

x==========x]
